<?xml version="1.0" encoding="UTF-8"?>
<testsuite name="test_reactivate_tests.TestCancelAppointment-20220628110854" tests="95" file="test_reactivate_tests.py" time="6.273" timestamp="2022-06-28T11:09:05" failures="0" errors="0" skipped="0">
	<testcase classname="test_reactivate_tests.TestCancelAppointment" name="test_10" time="0.073" timestamp="2022-06-28T11:08:56"/>
	<testcase classname="test_reactivate_tests.TestCancelAppointment" name="test_11" time="0.101" timestamp="2022-06-28T11:08:56"/>
	<testcase classname="test_reactivate_tests.TestCancelAppointment" name="test_12" time="0.079" timestamp="2022-06-28T11:08:56"/>
	<testcase classname="test_reactivate_tests.TestCancelAppointment" name="test_13" time="0.039" timestamp="2022-06-28T11:08:56"/>
	<testcase classname="test_reactivate_tests.TestCancelAppointment" name="test_14" time="0.039" timestamp="2022-06-28T11:08:56"/>
	<testcase classname="test_reactivate_tests.TestCancelAppointment" name="test_15" time="0.038" timestamp="2022-06-28T11:08:56"/>
	<testcase classname="test_reactivate_tests.TestCancelAppointment" name="test_16" time="0.051" timestamp="2022-06-28T11:08:56"/>
	<testcase classname="test_reactivate_tests.TestCancelAppointment" name="test_17" time="0.053" timestamp="2022-06-28T11:08:57"/>
	<testcase classname="test_reactivate_tests.TestCancelAppointment" name="test_18" time="0.051" timestamp="2022-06-28T11:08:57"/>
	<testcase classname="test_reactivate_tests.TestCancelAppointment" name="test_19" time="0.056" timestamp="2022-06-28T11:08:57"/>
	<testcase classname="test_reactivate_tests.TestCancelAppointment" name="test_2" time="0.059" timestamp="2022-06-28T11:08:57"/>
	<testcase classname="test_reactivate_tests.TestCancelAppointment" name="test_20" time="0.050" timestamp="2022-06-28T11:08:57"/>
	<testcase classname="test_reactivate_tests.TestCancelAppointment" name="test_21" time="0.049" timestamp="2022-06-28T11:08:57"/>
	<testcase classname="test_reactivate_tests.TestCancelAppointment" name="test_22" time="0.050" timestamp="2022-06-28T11:08:57"/>
	<testcase classname="test_reactivate_tests.TestCancelAppointment" name="test_23" time="0.052" timestamp="2022-06-28T11:08:57"/>
	<testcase classname="test_reactivate_tests.TestCancelAppointment" name="test_24" time="0.053" timestamp="2022-06-28T11:08:57"/>
	<testcase classname="test_reactivate_tests.TestCancelAppointment" name="test_25" time="0.053" timestamp="2022-06-28T11:08:57"/>
	<testcase classname="test_reactivate_tests.TestCancelAppointment" name="test_26" time="0.051" timestamp="2022-06-28T11:08:57"/>
	<testcase classname="test_reactivate_tests.TestCancelAppointment" name="test_27" time="0.052" timestamp="2022-06-28T11:08:57"/>
	<testcase classname="test_reactivate_tests.TestCancelAppointment" name="test_28" time="0.050" timestamp="2022-06-28T11:08:58"/>
	<testcase classname="test_reactivate_tests.TestCancelAppointment" name="test_29" time="0.052" timestamp="2022-06-28T11:08:58"/>
	<testcase classname="test_reactivate_tests.TestCancelAppointment" name="test_3" time="0.059" timestamp="2022-06-28T11:08:58"/>
	<testcase classname="test_reactivate_tests.TestCancelAppointment" name="test_30" time="0.055" timestamp="2022-06-28T11:08:58"/>
	<testcase classname="test_reactivate_tests.TestCancelAppointment" name="test_31" time="0.049" timestamp="2022-06-28T11:08:58"/>
	<testcase classname="test_reactivate_tests.TestCancelAppointment" name="test_32" time="0.051" timestamp="2022-06-28T11:08:58"/>
	<testcase classname="test_reactivate_tests.TestCancelAppointment" name="test_33" time="0.054" timestamp="2022-06-28T11:08:58"/>
	<testcase classname="test_reactivate_tests.TestCancelAppointment" name="test_34" time="0.050" timestamp="2022-06-28T11:08:58"/>
	<testcase classname="test_reactivate_tests.TestCancelAppointment" name="test_35" time="0.052" timestamp="2022-06-28T11:08:58"/>
	<testcase classname="test_reactivate_tests.TestCancelAppointment" name="test_36" time="0.053" timestamp="2022-06-28T11:08:58"/>
	<testcase classname="test_reactivate_tests.TestCancelAppointment" name="test_37" time="0.057" timestamp="2022-06-28T11:08:58"/>
	<testcase classname="test_reactivate_tests.TestCancelAppointment" name="test_38" time="0.050" timestamp="2022-06-28T11:08:58"/>
	<testcase classname="test_reactivate_tests.TestCancelAppointment" name="test_39" time="0.052" timestamp="2022-06-28T11:08:58"/>
	<testcase classname="test_reactivate_tests.TestCancelAppointment" name="test_4" time="0.060" timestamp="2022-06-28T11:08:59"/>
	<testcase classname="test_reactivate_tests.TestCancelAppointment" name="test_40" time="0.050" timestamp="2022-06-28T11:08:59"/>
	<testcase classname="test_reactivate_tests.TestCancelAppointment" name="test_41" time="0.051" timestamp="2022-06-28T11:08:59"/>
	<testcase classname="test_reactivate_tests.TestCancelAppointment" name="test_42" time="0.054" timestamp="2022-06-28T11:08:59"/>
	<testcase classname="test_reactivate_tests.TestCancelAppointment" name="test_43" time="0.053" timestamp="2022-06-28T11:08:59"/>
	<testcase classname="test_reactivate_tests.TestCancelAppointment" name="test_44" time="0.051" timestamp="2022-06-28T11:08:59"/>
	<testcase classname="test_reactivate_tests.TestCancelAppointment" name="test_45" time="0.050" timestamp="2022-06-28T11:08:59"/>
	<testcase classname="test_reactivate_tests.TestCancelAppointment" name="test_46" time="0.076" timestamp="2022-06-28T11:08:59"/>
	<testcase classname="test_reactivate_tests.TestCancelAppointment" name="test_47" time="0.077" timestamp="2022-06-28T11:08:59"/>
	<testcase classname="test_reactivate_tests.TestCancelAppointment" name="test_48" time="0.089" timestamp="2022-06-28T11:08:59"/>
	<testcase classname="test_reactivate_tests.TestCancelAppointment" name="test_49" time="0.078" timestamp="2022-06-28T11:08:59"/>
	<testcase classname="test_reactivate_tests.TestCancelAppointment" name="test_50" time="0.085" timestamp="2022-06-28T11:09:00"/>
	<testcase classname="test_reactivate_tests.TestCancelAppointment" name="test_51" time="0.036" timestamp="2022-06-28T11:09:00"/>
	<testcase classname="test_reactivate_tests.TestCancelAppointment" name="test_52" time="0.038" timestamp="2022-06-28T11:09:00"/>
	<testcase classname="test_reactivate_tests.TestCancelAppointment" name="test_53" time="0.037" timestamp="2022-06-28T11:09:00"/>
	<testcase classname="test_reactivate_tests.TestCancelAppointment" name="test_54" time="0.036" timestamp="2022-06-28T11:09:00"/>
	<testcase classname="test_reactivate_tests.TestCancelAppointment" name="test_55" time="0.036" timestamp="2022-06-28T11:09:00"/>
	<testcase classname="test_reactivate_tests.TestCancelAppointment" name="test_56" time="0.036" timestamp="2022-06-28T11:09:00"/>
	<testcase classname="test_reactivate_tests.TestCancelAppointment" name="test_57" time="0.063" timestamp="2022-06-28T11:09:00"/>
	<testcase classname="test_reactivate_tests.TestCancelAppointment" name="test_58" time="0.063" timestamp="2022-06-28T11:09:00"/>
	<testcase classname="test_reactivate_tests.TestCancelAppointment" name="test_59" time="0.066" timestamp="2022-06-28T11:09:00"/>
	<testcase classname="test_reactivate_tests.TestCancelAppointment" name="test_6" time="0.067" timestamp="2022-06-28T11:09:00"/>
	<testcase classname="test_reactivate_tests.TestCancelAppointment" name="test_60" time="0.069" timestamp="2022-06-28T11:09:00"/>
	<testcase classname="test_reactivate_tests.TestCancelAppointment" name="test_61" time="0.066" timestamp="2022-06-28T11:09:00"/>
	<testcase classname="test_reactivate_tests.TestCancelAppointment" name="test_62" time="0.065" timestamp="2022-06-28T11:09:01"/>
	<testcase classname="test_reactivate_tests.TestCancelAppointment" name="test_63" time="0.068" timestamp="2022-06-28T11:09:01"/>
	<testcase classname="test_reactivate_tests.TestCancelAppointment" name="test_64" time="0.068" timestamp="2022-06-28T11:09:01"/>
	<testcase classname="test_reactivate_tests.TestCancelAppointment" name="test_65" time="0.064" timestamp="2022-06-28T11:09:01"/>
	<testcase classname="test_reactivate_tests.TestCancelAppointment" name="test_66" time="0.063" timestamp="2022-06-28T11:09:01"/>
	<testcase classname="test_reactivate_tests.TestCancelAppointment" name="test_67" time="0.062" timestamp="2022-06-28T11:09:01"/>
	<testcase classname="test_reactivate_tests.TestCancelAppointment" name="test_68" time="0.055" timestamp="2022-06-28T11:09:01"/>
	<testcase classname="test_reactivate_tests.TestCancelAppointment" name="test_69" time="0.035" timestamp="2022-06-28T11:09:01"/>
	<testcase classname="test_reactivate_tests.TestCancelAppointment" name="test_7" time="0.035" timestamp="2022-06-28T11:09:01"/>
	<testcase classname="test_reactivate_tests.TestCancelAppointment" name="test_70" time="0.037" timestamp="2022-06-28T11:09:01"/>
	<testcase classname="test_reactivate_tests.TestCancelAppointment" name="test_71" time="0.038" timestamp="2022-06-28T11:09:01"/>
	<testcase classname="test_reactivate_tests.TestCancelAppointment" name="test_72" time="0.036" timestamp="2022-06-28T11:09:01"/>
	<testcase classname="test_reactivate_tests.TestCancelAppointment" name="test_73" time="0.036" timestamp="2022-06-28T11:09:01"/>
	<testcase classname="test_reactivate_tests.TestCancelAppointment" name="test_74" time="0.035" timestamp="2022-06-28T11:09:02"/>
	<testcase classname="test_reactivate_tests.TestCancelAppointment" name="test_75" time="0.037" timestamp="2022-06-28T11:09:02"/>
	<testcase classname="test_reactivate_tests.TestCancelAppointment" name="test_76" time="0.097" timestamp="2022-06-28T11:09:02"/>
	<testcase classname="test_reactivate_tests.TestCancelAppointment" name="test_77" time="0.102" timestamp="2022-06-28T11:09:02"/>
	<testcase classname="test_reactivate_tests.TestCancelAppointment" name="test_78" time="0.098" timestamp="2022-06-28T11:09:02"/>
	<testcase classname="test_reactivate_tests.TestCancelAppointment" name="test_79" time="0.098" timestamp="2022-06-28T11:09:02"/>
	<testcase classname="test_reactivate_tests.TestCancelAppointment" name="test_8" time="0.059" timestamp="2022-06-28T11:09:02"/>
	<testcase classname="test_reactivate_tests.TestCancelAppointment" name="test_80" time="0.060" timestamp="2022-06-28T11:09:02"/>
	<testcase classname="test_reactivate_tests.TestCancelAppointment" name="test_81" time="0.059" timestamp="2022-06-28T11:09:02"/>
	<testcase classname="test_reactivate_tests.TestCancelAppointment" name="test_9" time="0.054" timestamp="2022-06-28T11:09:03"/>
	<testcase classname="test_reactivate_tests.TestCancelAppointment" name="test_appointment_doesnt_exist" time="0.067" timestamp="2022-06-28T11:09:03"/>
	<testcase classname="test_reactivate_tests.TestCancelAppointment" name="test_appointment_is_timed_out" time="0.082" timestamp="2022-06-28T11:09:03"/>
	<testcase classname="test_reactivate_tests.TestCancelAppointment" name="test_appointment_was_vaccined" time="0.105" timestamp="2022-06-28T11:09:03"/>
	<testcase classname="test_reactivate_tests.TestCancelAppointment" name="test_cancelled_was_final" time="0.098" timestamp="2022-06-28T11:09:03"/>
	<testcase classname="test_reactivate_tests.TestCancelAppointment" name="test_date_was_active_newDate" time="0.211" timestamp="2022-06-28T11:09:03"/>
	<testcase classname="test_reactivate_tests.TestCancelAppointment" name="test_date_was_active_normal" time="0.112" timestamp="2022-06-28T11:09:03"/>
	<testcase classname="test_reactivate_tests.TestCancelAppointment" name="test_input_file_no_exist" time="0.069" timestamp="2022-06-28T11:09:04"/>
	<testcase classname="test_reactivate_tests.TestCancelAppointment" name="test_no_ok_date_0" time="0.115" timestamp="2022-06-28T11:09:04"/>
	<testcase classname="test_reactivate_tests.TestCancelAppointment" name="test_no_ok_date_1" time="0.116" timestamp="2022-06-28T11:09:04"/>
	<testcase classname="test_reactivate_tests.TestCancelAppointment" name="test_no_ok_date_2" time="0.112" timestamp="2022-06-28T11:09:04"/>
	<testcase classname="test_reactivate_tests.TestCancelAppointment" name="test_no_ok_date_3" time="0.109" timestamp="2022-06-28T11:09:04"/>
	<testcase classname="test_reactivate_tests.TestCancelAppointment" name="test_no_ok_date_4" time="0.117" timestamp="2022-06-28T11:09:04"/>
	<testcase classname="test_reactivate_tests.TestCancelAppointment" name="test_ok_date" time="0.048" timestamp="2022-06-28T11:09:04"/>
	<testcase classname="test_reactivate_tests.TestCancelAppointment" name="test_ok_newDay" time="0.067" timestamp="2022-06-28T11:09:05"/>
	<testcase classname="test_reactivate_tests.TestCancelAppointment" name="test_ok_normal" time="0.220" timestamp="2022-06-28T11:09:05"/>
	<testcase classname="test_reactivate_tests.TestCancelAppointment" name="test_random" time="0.146" timestamp="2022-06-28T11:09:05"/>
</testsuite>
