<?xml version="1.0" encoding="UTF-8"?>
<testsuite name="test_get_vaccine_date_tests.TestGetVaccineDate-20220628110907" tests="6" file="test_get_vaccine_date_tests.py" time="1.006" timestamp="2022-06-28T11:09:09" failures="0" errors="0" skipped="0">
	<testcase classname="test_get_vaccine_date_tests.TestGetVaccineDate" name="test_get_vaccine_date_date_no_ok_parameter" time="0.521" timestamp="2022-06-28T11:09:09"/>
	<testcase classname="test_get_vaccine_date_tests.TestGetVaccineDate" name="test_get_vaccine_date_no_ok" time="0.014" timestamp="2022-06-28T11:09:09"/>
	<testcase classname="test_get_vaccine_date_tests.TestGetVaccineDate" name="test_get_vaccine_date_no_ok_data_manipulated" time="0.020" timestamp="2022-06-28T11:09:09"/>
	<testcase classname="test_get_vaccine_date_tests.TestGetVaccineDate" name="test_get_vaccine_date_no_ok_no_quotes" time="0.015" timestamp="2022-06-28T11:09:09"/>
	<testcase classname="test_get_vaccine_date_tests.TestGetVaccineDate" name="test_get_vaccine_date_no_ok_parameter" time="0.415" timestamp="2022-06-28T11:09:09"/>
	<testcase classname="test_get_vaccine_date_tests.TestGetVaccineDate" name="test_get_vaccine_date_ok" time="0.021" timestamp="2022-06-28T11:09:09"/>
</testsuite>
