<?xml version="1.0" encoding="UTF-8"?>
<testsuite name="test_reactivate_tests.TestCancelAppointment-20220628110907" tests="95" file="test_reactivate_tests.py" time="6.503" timestamp="2022-06-28T11:09:19" failures="0" errors="0" skipped="0">
	<testcase classname="test_reactivate_tests.TestCancelAppointment" name="test_10" time="0.045" timestamp="2022-06-28T11:09:09"/>
	<testcase classname="test_reactivate_tests.TestCancelAppointment" name="test_11" time="0.046" timestamp="2022-06-28T11:09:09"/>
	<testcase classname="test_reactivate_tests.TestCancelAppointment" name="test_12" time="0.046" timestamp="2022-06-28T11:09:09"/>
	<testcase classname="test_reactivate_tests.TestCancelAppointment" name="test_13" time="0.047" timestamp="2022-06-28T11:09:10"/>
	<testcase classname="test_reactivate_tests.TestCancelAppointment" name="test_14" time="0.048" timestamp="2022-06-28T11:09:10"/>
	<testcase classname="test_reactivate_tests.TestCancelAppointment" name="test_15" time="0.045" timestamp="2022-06-28T11:09:10"/>
	<testcase classname="test_reactivate_tests.TestCancelAppointment" name="test_16" time="0.047" timestamp="2022-06-28T11:09:10"/>
	<testcase classname="test_reactivate_tests.TestCancelAppointment" name="test_17" time="0.045" timestamp="2022-06-28T11:09:10"/>
	<testcase classname="test_reactivate_tests.TestCancelAppointment" name="test_18" time="0.044" timestamp="2022-06-28T11:09:10"/>
	<testcase classname="test_reactivate_tests.TestCancelAppointment" name="test_19" time="0.045" timestamp="2022-06-28T11:09:10"/>
	<testcase classname="test_reactivate_tests.TestCancelAppointment" name="test_2" time="0.055" timestamp="2022-06-28T11:09:10"/>
	<testcase classname="test_reactivate_tests.TestCancelAppointment" name="test_20" time="0.048" timestamp="2022-06-28T11:09:10"/>
	<testcase classname="test_reactivate_tests.TestCancelAppointment" name="test_21" time="0.044" timestamp="2022-06-28T11:09:10"/>
	<testcase classname="test_reactivate_tests.TestCancelAppointment" name="test_22" time="0.046" timestamp="2022-06-28T11:09:10"/>
	<testcase classname="test_reactivate_tests.TestCancelAppointment" name="test_23" time="0.149" timestamp="2022-06-28T11:09:10"/>
	<testcase classname="test_reactivate_tests.TestCancelAppointment" name="test_24" time="0.086" timestamp="2022-06-28T11:09:11"/>
	<testcase classname="test_reactivate_tests.TestCancelAppointment" name="test_25" time="0.083" timestamp="2022-06-28T11:09:11"/>
	<testcase classname="test_reactivate_tests.TestCancelAppointment" name="test_26" time="0.083" timestamp="2022-06-28T11:09:11"/>
	<testcase classname="test_reactivate_tests.TestCancelAppointment" name="test_27" time="0.083" timestamp="2022-06-28T11:09:11"/>
	<testcase classname="test_reactivate_tests.TestCancelAppointment" name="test_28" time="0.087" timestamp="2022-06-28T11:09:11"/>
	<testcase classname="test_reactivate_tests.TestCancelAppointment" name="test_29" time="0.059" timestamp="2022-06-28T11:09:11"/>
	<testcase classname="test_reactivate_tests.TestCancelAppointment" name="test_3" time="0.045" timestamp="2022-06-28T11:09:11"/>
	<testcase classname="test_reactivate_tests.TestCancelAppointment" name="test_30" time="0.037" timestamp="2022-06-28T11:09:11"/>
	<testcase classname="test_reactivate_tests.TestCancelAppointment" name="test_31" time="0.034" timestamp="2022-06-28T11:09:11"/>
	<testcase classname="test_reactivate_tests.TestCancelAppointment" name="test_32" time="0.044" timestamp="2022-06-28T11:09:11"/>
	<testcase classname="test_reactivate_tests.TestCancelAppointment" name="test_33" time="0.047" timestamp="2022-06-28T11:09:11"/>
	<testcase classname="test_reactivate_tests.TestCancelAppointment" name="test_34" time="0.048" timestamp="2022-06-28T11:09:11"/>
	<testcase classname="test_reactivate_tests.TestCancelAppointment" name="test_35" time="0.046" timestamp="2022-06-28T11:09:12"/>
	<testcase classname="test_reactivate_tests.TestCancelAppointment" name="test_36" time="0.047" timestamp="2022-06-28T11:09:12"/>
	<testcase classname="test_reactivate_tests.TestCancelAppointment" name="test_37" time="0.046" timestamp="2022-06-28T11:09:12"/>
	<testcase classname="test_reactivate_tests.TestCancelAppointment" name="test_38" time="0.046" timestamp="2022-06-28T11:09:12"/>
	<testcase classname="test_reactivate_tests.TestCancelAppointment" name="test_39" time="0.057" timestamp="2022-06-28T11:09:12"/>
	<testcase classname="test_reactivate_tests.TestCancelAppointment" name="test_4" time="0.072" timestamp="2022-06-28T11:09:12"/>
	<testcase classname="test_reactivate_tests.TestCancelAppointment" name="test_40" time="0.058" timestamp="2022-06-28T11:09:12"/>
	<testcase classname="test_reactivate_tests.TestCancelAppointment" name="test_41" time="0.059" timestamp="2022-06-28T11:09:12"/>
	<testcase classname="test_reactivate_tests.TestCancelAppointment" name="test_42" time="0.079" timestamp="2022-06-28T11:09:12"/>
	<testcase classname="test_reactivate_tests.TestCancelAppointment" name="test_43" time="0.083" timestamp="2022-06-28T11:09:12"/>
	<testcase classname="test_reactivate_tests.TestCancelAppointment" name="test_44" time="0.081" timestamp="2022-06-28T11:09:12"/>
	<testcase classname="test_reactivate_tests.TestCancelAppointment" name="test_45" time="0.085" timestamp="2022-06-28T11:09:13"/>
	<testcase classname="test_reactivate_tests.TestCancelAppointment" name="test_46" time="0.086" timestamp="2022-06-28T11:09:13"/>
	<testcase classname="test_reactivate_tests.TestCancelAppointment" name="test_47" time="0.082" timestamp="2022-06-28T11:09:13"/>
	<testcase classname="test_reactivate_tests.TestCancelAppointment" name="test_48" time="0.081" timestamp="2022-06-28T11:09:13"/>
	<testcase classname="test_reactivate_tests.TestCancelAppointment" name="test_49" time="0.082" timestamp="2022-06-28T11:09:13"/>
	<testcase classname="test_reactivate_tests.TestCancelAppointment" name="test_50" time="0.081" timestamp="2022-06-28T11:09:13"/>
	<testcase classname="test_reactivate_tests.TestCancelAppointment" name="test_51" time="0.078" timestamp="2022-06-28T11:09:13"/>
	<testcase classname="test_reactivate_tests.TestCancelAppointment" name="test_52" time="0.081" timestamp="2022-06-28T11:09:13"/>
	<testcase classname="test_reactivate_tests.TestCancelAppointment" name="test_53" time="0.115" timestamp="2022-06-28T11:09:13"/>
	<testcase classname="test_reactivate_tests.TestCancelAppointment" name="test_54" time="0.132" timestamp="2022-06-28T11:09:14"/>
	<testcase classname="test_reactivate_tests.TestCancelAppointment" name="test_55" time="0.125" timestamp="2022-06-28T11:09:14"/>
	<testcase classname="test_reactivate_tests.TestCancelAppointment" name="test_56" time="0.126" timestamp="2022-06-28T11:09:14"/>
	<testcase classname="test_reactivate_tests.TestCancelAppointment" name="test_57" time="0.121" timestamp="2022-06-28T11:09:14"/>
	<testcase classname="test_reactivate_tests.TestCancelAppointment" name="test_58" time="0.086" timestamp="2022-06-28T11:09:14"/>
	<testcase classname="test_reactivate_tests.TestCancelAppointment" name="test_59" time="0.071" timestamp="2022-06-28T11:09:14"/>
	<testcase classname="test_reactivate_tests.TestCancelAppointment" name="test_6" time="0.073" timestamp="2022-06-28T11:09:15"/>
	<testcase classname="test_reactivate_tests.TestCancelAppointment" name="test_60" time="0.073" timestamp="2022-06-28T11:09:15"/>
	<testcase classname="test_reactivate_tests.TestCancelAppointment" name="test_61" time="0.072" timestamp="2022-06-28T11:09:15"/>
	<testcase classname="test_reactivate_tests.TestCancelAppointment" name="test_62" time="0.071" timestamp="2022-06-28T11:09:15"/>
	<testcase classname="test_reactivate_tests.TestCancelAppointment" name="test_63" time="0.070" timestamp="2022-06-28T11:09:15"/>
	<testcase classname="test_reactivate_tests.TestCancelAppointment" name="test_64" time="0.058" timestamp="2022-06-28T11:09:15"/>
	<testcase classname="test_reactivate_tests.TestCancelAppointment" name="test_65" time="0.049" timestamp="2022-06-28T11:09:15"/>
	<testcase classname="test_reactivate_tests.TestCancelAppointment" name="test_66" time="0.048" timestamp="2022-06-28T11:09:15"/>
	<testcase classname="test_reactivate_tests.TestCancelAppointment" name="test_67" time="0.048" timestamp="2022-06-28T11:09:15"/>
	<testcase classname="test_reactivate_tests.TestCancelAppointment" name="test_68" time="0.049" timestamp="2022-06-28T11:09:15"/>
	<testcase classname="test_reactivate_tests.TestCancelAppointment" name="test_69" time="0.048" timestamp="2022-06-28T11:09:15"/>
	<testcase classname="test_reactivate_tests.TestCancelAppointment" name="test_7" time="0.049" timestamp="2022-06-28T11:09:15"/>
	<testcase classname="test_reactivate_tests.TestCancelAppointment" name="test_70" time="0.090" timestamp="2022-06-28T11:09:16"/>
	<testcase classname="test_reactivate_tests.TestCancelAppointment" name="test_71" time="0.104" timestamp="2022-06-28T11:09:16"/>
	<testcase classname="test_reactivate_tests.TestCancelAppointment" name="test_72" time="0.096" timestamp="2022-06-28T11:09:16"/>
	<testcase classname="test_reactivate_tests.TestCancelAppointment" name="test_73" time="0.094" timestamp="2022-06-28T11:09:16"/>
	<testcase classname="test_reactivate_tests.TestCancelAppointment" name="test_74" time="0.096" timestamp="2022-06-28T11:09:16"/>
	<testcase classname="test_reactivate_tests.TestCancelAppointment" name="test_75" time="0.092" timestamp="2022-06-28T11:09:16"/>
	<testcase classname="test_reactivate_tests.TestCancelAppointment" name="test_76" time="0.093" timestamp="2022-06-28T11:09:16"/>
	<testcase classname="test_reactivate_tests.TestCancelAppointment" name="test_77" time="0.098" timestamp="2022-06-28T11:09:17"/>
	<testcase classname="test_reactivate_tests.TestCancelAppointment" name="test_78" time="0.051" timestamp="2022-06-28T11:09:17"/>
	<testcase classname="test_reactivate_tests.TestCancelAppointment" name="test_79" time="0.045" timestamp="2022-06-28T11:09:17"/>
	<testcase classname="test_reactivate_tests.TestCancelAppointment" name="test_8" time="0.045" timestamp="2022-06-28T11:09:17"/>
	<testcase classname="test_reactivate_tests.TestCancelAppointment" name="test_80" time="0.046" timestamp="2022-06-28T11:09:17"/>
	<testcase classname="test_reactivate_tests.TestCancelAppointment" name="test_81" time="0.046" timestamp="2022-06-28T11:09:17"/>
	<testcase classname="test_reactivate_tests.TestCancelAppointment" name="test_9" time="0.044" timestamp="2022-06-28T11:09:17"/>
	<testcase classname="test_reactivate_tests.TestCancelAppointment" name="test_appointment_doesnt_exist" time="0.044" timestamp="2022-06-28T11:09:17"/>
	<testcase classname="test_reactivate_tests.TestCancelAppointment" name="test_appointment_is_timed_out" time="0.067" timestamp="2022-06-28T11:09:17"/>
	<testcase classname="test_reactivate_tests.TestCancelAppointment" name="test_appointment_was_vaccined" time="0.140" timestamp="2022-06-28T11:09:17"/>
	<testcase classname="test_reactivate_tests.TestCancelAppointment" name="test_cancelled_was_final" time="0.163" timestamp="2022-06-28T11:09:18"/>
	<testcase classname="test_reactivate_tests.TestCancelAppointment" name="test_date_was_active_newDate" time="0.066" timestamp="2022-06-28T11:09:18"/>
	<testcase classname="test_reactivate_tests.TestCancelAppointment" name="test_date_was_active_normal" time="0.069" timestamp="2022-06-28T11:09:18"/>
	<testcase classname="test_reactivate_tests.TestCancelAppointment" name="test_input_file_no_exist" time="0.053" timestamp="2022-06-28T11:09:18"/>
	<testcase classname="test_reactivate_tests.TestCancelAppointment" name="test_no_ok_date_0" time="0.044" timestamp="2022-06-28T11:09:18"/>
	<testcase classname="test_reactivate_tests.TestCancelAppointment" name="test_no_ok_date_1" time="0.055" timestamp="2022-06-28T11:09:18"/>
	<testcase classname="test_reactivate_tests.TestCancelAppointment" name="test_no_ok_date_2" time="0.058" timestamp="2022-06-28T11:09:18"/>
	<testcase classname="test_reactivate_tests.TestCancelAppointment" name="test_no_ok_date_3" time="0.044" timestamp="2022-06-28T11:09:18"/>
	<testcase classname="test_reactivate_tests.TestCancelAppointment" name="test_no_ok_date_4" time="0.044" timestamp="2022-06-28T11:09:18"/>
	<testcase classname="test_reactivate_tests.TestCancelAppointment" name="test_ok_date" time="0.051" timestamp="2022-06-28T11:09:18"/>
	<testcase classname="test_reactivate_tests.TestCancelAppointment" name="test_ok_newDay" time="0.070" timestamp="2022-06-28T11:09:18"/>
	<testcase classname="test_reactivate_tests.TestCancelAppointment" name="test_ok_normal" time="0.083" timestamp="2022-06-28T11:09:18"/>
	<testcase classname="test_reactivate_tests.TestCancelAppointment" name="test_random" time="0.067" timestamp="2022-06-28T11:09:19"/>
</testsuite>
