<?xml version="1.0" encoding="UTF-8"?>
<testsuite name="test_vaccine_patient_tests.TestVaccinePatient-20220628110854" tests="8" file="test_vaccine_patient_tests.py" time="0.333" timestamp="2022-06-28T11:09:06" failures="0" errors="0" skipped="1">
	<testcase classname="test_vaccine_patient_tests.TestVaccinePatient" name="test_random" time="0.020" timestamp="2022-06-28T11:09:06"/>
	<testcase classname="test_vaccine_patient_tests.TestVaccinePatient" name="test_vaccine_patient_already_cancelled" time="0.042" timestamp="2022-06-28T11:09:06"/>
	<testcase classname="test_vaccine_patient_tests.TestVaccinePatient" name="test_vaccine_patient_bad_date_signature" time="0.044" timestamp="2022-06-28T11:09:06"/>
	<testcase classname="test_vaccine_patient_tests.TestVaccinePatient" name="test_vaccine_patient_no_date" time="0.054" timestamp="2022-06-28T11:09:06"/>
	<testcase classname="test_vaccine_patient_tests.TestVaccinePatient" name="test_vaccine_patient_not_found_date_signature" time="0.050" timestamp="2022-06-28T11:09:06"/>
	<testcase classname="test_vaccine_patient_tests.TestVaccinePatient" name="test_vaccine_patient_ok" time="0.071" timestamp="2022-06-28T11:09:06"/>
	<testcase classname="test_vaccine_patient_tests.TestVaccinePatient" name="test_vaccine_patient_store_date_is_empty" time="0.048" timestamp="2022-06-28T11:09:06"/>
	<testcase classname="test_vaccine_patient_tests.TestVaccinePatient" name="test_vaccine_patient_no_store_date" time="0.004" timestamp="2022-06-28T11:09:06">
		<skipped type="skip" message="This exception won't be raised after the refactoring process"/>
	</testcase>
</testsuite>
